{"contracts\\SpanStrings.sol":{"l":{"19":28,"20":28,"24":28,"34":3,"35":3,"37":2,"38":2,"39":2,"42":2,"50":1,"57":2,"70":2,"73":2,"74":2,"75":2,"78":2,"81":2,"82":2,"87":2,"89":2,"97":3,"98":3,"99":3,"100":3,"104":3,"106":3,"114":3,"115":1,"118":2,"119":2,"121":2,"122":10,"123":10,"124":10,"132":10,"133":1,"137":1,"145":2,"146":2,"148":2,"149":5,"150":5,"151":5,"159":5,"160":1,"164":1,"172":2,"173":2,"175":2,"183":2,"184":7,"185":7,"186":7,"194":7,"195":1,"199":1,"203":7,"204":29},"path":"D:\\Programming\\Smart Contracts\\My\\string-utilities\\contracts\\SpanStrings.sol","s":{"1":28,"2":28,"3":3,"4":3,"5":2,"6":2,"7":2,"8":1,"9":2,"10":2,"11":2,"12":2,"13":2,"14":2,"15":2,"16":2,"17":3,"18":3,"19":3,"20":3,"21":3,"22":3,"23":1,"24":2,"25":2,"26":2,"27":10,"28":10,"29":10,"30":1,"31":1,"32":2,"33":2,"34":2,"35":5,"36":5,"37":5,"38":1,"39":1,"40":2,"41":2,"42":2,"43":7,"44":7,"45":7,"46":1,"47":1,"48":7},"b":{"1":[2,1],"2":[1,2],"3":[1,9],"4":[1,4],"5":[1,6]},"f":{"1":28,"2":3,"3":1,"4":2,"5":2,"6":3,"7":3,"8":2,"9":2,"10":7},"fnMap":{"1":{"name":"toSpan","line":18,"loc":{"start":{"line":18,"column":4},"end":{"line":25,"column":4}}},"2":{"name":"getSlice","line":33,"loc":{"start":{"line":33,"column":4},"end":{"line":43,"column":4}}},"3":{"name":"copy","line":49,"loc":{"start":{"line":49,"column":4},"end":{"line":51,"column":4}}},"4":{"name":"isEmpty","line":56,"loc":{"start":{"line":56,"column":4},"end":{"line":58,"column":4}}},"5":{"name":"concat","line":65,"loc":{"start":{"line":65,"column":4},"end":{"line":90,"column":4}}},"6":{"name":"toString","line":96,"loc":{"start":{"line":96,"column":4},"end":{"line":107,"column":4}}},"7":{"name":"equals","line":113,"loc":{"start":{"line":113,"column":4},"end":{"line":138,"column":4}}},"8":{"name":"startsWith","line":144,"loc":{"start":{"line":144,"column":4},"end":{"line":165,"column":4}}},"9":{"name":"endsWith","line":171,"loc":{"start":{"line":171,"column":4},"end":{"line":200,"column":4}}},"10":{"name":"copyMemory","line":202,"loc":{"start":{"line":202,"column":4},"end":{"line":210,"column":4}}}},"statementMap":{"1":{"start":{"line":19,"column":8},"end":{"line":19,"column":19}},"2":{"start":{"line":24,"column":8},"end":{"line":24,"column":43}},"3":{"start":{"line":34,"column":8},"end":{"line":34,"column":46}},"4":{"start":{"line":35,"column":8},"end":{"line":35,"column":74}},"5":{"start":{"line":37,"column":8},"end":{"line":37,"column":26}},"6":{"start":{"line":38,"column":8},"end":{"line":38,"column":36}},"7":{"start":{"line":42,"column":8},"end":{"line":42,"column":39}},"8":{"start":{"line":50,"column":8},"end":{"line":50,"column":40}},"9":{"start":{"line":57,"column":8},"end":{"line":57,"column":30}},"10":{"start":{"line":70,"column":8},"end":{"line":70,"column":69}},"11":{"start":{"line":73,"column":8},"end":{"line":73,"column":33}},"12":{"start":{"line":74,"column":8},"end":{"line":74,"column":23}},"13":{"start":{"line":78,"column":8},"end":{"line":78,"column":47}},"14":{"start":{"line":81,"column":8},"end":{"line":81,"column":24}},"15":{"start":{"line":87,"column":8},"end":{"line":87,"column":47}},"16":{"start":{"line":89,"column":8},"end":{"line":89,"column":30}},"17":{"start":{"line":97,"column":8},"end":{"line":97,"column":53}},"18":{"start":{"line":98,"column":8},"end":{"line":98,"column":32}},"19":{"start":{"line":99,"column":8},"end":{"line":99,"column":23}},"20":{"start":{"line":104,"column":8},"end":{"line":104,"column":46}},"21":{"start":{"line":106,"column":8},"end":{"line":106,"column":21}},"22":{"start":{"line":114,"column":8},"end":{"line":114,"column":4142}},"23":{"start":{"line":115,"column":12},"end":{"line":115,"column":24}},"24":{"start":{"line":118,"column":8},"end":{"line":118,"column":34}},"25":{"start":{"line":119,"column":8},"end":{"line":119,"column":34}},"26":{"start":{"line":121,"column":8},"end":{"line":121,"column":4301}},"27":{"start":{"line":122,"column":12},"end":{"line":122,"column":27}},"28":{"start":{"line":123,"column":12},"end":{"line":123,"column":27}},"29":{"start":{"line":132,"column":12},"end":{"line":132,"column":4641}},"30":{"start":{"line":133,"column":16},"end":{"line":133,"column":28}},"31":{"start":{"line":137,"column":8},"end":{"line":137,"column":19}},"32":{"start":{"line":145,"column":8},"end":{"line":145,"column":34}},"33":{"start":{"line":146,"column":8},"end":{"line":146,"column":34}},"34":{"start":{"line":148,"column":8},"end":{"line":148,"column":5169}},"35":{"start":{"line":149,"column":12},"end":{"line":149,"column":27}},"36":{"start":{"line":150,"column":12},"end":{"line":150,"column":27}},"37":{"start":{"line":159,"column":12},"end":{"line":159,"column":5509}},"38":{"start":{"line":160,"column":16},"end":{"line":160,"column":28}},"39":{"start":{"line":164,"column":8},"end":{"line":164,"column":19}},"40":{"start":{"line":172,"column":8},"end":{"line":172,"column":34}},"41":{"start":{"line":173,"column":8},"end":{"line":173,"column":34}},"42":{"start":{"line":183,"column":8},"end":{"line":183,"column":6264}},"43":{"start":{"line":184,"column":12},"end":{"line":184,"column":27}},"44":{"start":{"line":185,"column":12},"end":{"line":185,"column":27}},"45":{"start":{"line":194,"column":12},"end":{"line":194,"column":6604}},"46":{"start":{"line":195,"column":16},"end":{"line":195,"column":28}},"47":{"start":{"line":199,"column":8},"end":{"line":199,"column":19}},"48":{"start":{"line":203,"column":8},"end":{"line":203,"column":6817}}},"branchMap":{"1":{"line":35,"type":"if","locations":[{"start":{"line":35,"column":8},"end":{"line":35,"column":8}},{"start":{"line":35,"column":8},"end":{"line":35,"column":8}}]},"2":{"line":114,"type":"if","locations":[{"start":{"line":114,"column":8},"end":{"line":114,"column":8}},{"start":{"line":114,"column":8},"end":{"line":114,"column":8}}]},"3":{"line":132,"type":"if","locations":[{"start":{"line":132,"column":12},"end":{"line":132,"column":12}},{"start":{"line":132,"column":12},"end":{"line":132,"column":12}}]},"4":{"line":159,"type":"if","locations":[{"start":{"line":159,"column":12},"end":{"line":159,"column":12}},{"start":{"line":159,"column":12},"end":{"line":159,"column":12}}]},"5":{"line":194,"type":"if","locations":[{"start":{"line":194,"column":12},"end":{"line":194,"column":12}},{"start":{"line":194,"column":12},"end":{"line":194,"column":12}}]}}},"contracts\\SpanStringsMock.sol":{"l":{"10":11,"19":3,"24":1,"29":2,"35":2,"36":2,"38":2,"46":1,"47":1,"51":1,"52":1,"54":1,"58":1,"59":1,"61":1,"65":1,"66":1,"68":1,"72":1,"73":1,"75":1,"79":1,"80":1,"82":1,"86":1,"87":1,"89":1,"93":1,"94":1,"96":1},"path":"D:\\Programming\\Smart Contracts\\My\\string-utilities\\contracts\\SpanStringsMock.sol","s":{"1":11,"2":3,"3":1,"4":2,"5":2,"6":2,"7":2,"8":1,"9":1,"10":1,"11":1,"12":1,"13":1,"14":1,"15":1,"16":1,"17":1,"18":1,"19":1,"20":1,"21":1,"22":1,"23":1,"24":1,"25":1,"26":1,"27":1,"28":1,"29":1,"30":1},"b":{},"f":{"1":11,"2":3,"3":1,"4":2,"5":2,"6":1,"7":1,"8":1,"9":1,"10":1,"11":1,"12":1,"13":1},"fnMap":{"1":{"name":"toSpan","line":8,"loc":{"start":{"line":8,"column":4},"end":{"line":11,"column":4}}},"2":{"name":"getSlice","line":13,"loc":{"start":{"line":13,"column":4},"end":{"line":20,"column":4}}},"3":{"name":"copy","line":22,"loc":{"start":{"line":22,"column":4},"end":{"line":25,"column":4}}},"4":{"name":"isEmpty","line":27,"loc":{"start":{"line":27,"column":4},"end":{"line":30,"column":4}}},"5":{"name":"concat","line":32,"loc":{"start":{"line":32,"column":4},"end":{"line":39,"column":4}}},"6":{"name":"toSpanAndBackToString","line":41,"loc":{"start":{"line":41,"column":4},"end":{"line":48,"column":4}}},"7":{"name":"equalsTrue","line":50,"loc":{"start":{"line":50,"column":4},"end":{"line":55,"column":4}}},"8":{"name":"equalsFalse_1","line":57,"loc":{"start":{"line":57,"column":4},"end":{"line":62,"column":4}}},"9":{"name":"equalsFalse_2","line":64,"loc":{"start":{"line":64,"column":4},"end":{"line":69,"column":4}}},"10":{"name":"startsWithTrue","line":71,"loc":{"start":{"line":71,"column":4},"end":{"line":76,"column":4}}},"11":{"name":"startsWithFalse","line":78,"loc":{"start":{"line":78,"column":4},"end":{"line":83,"column":4}}},"12":{"name":"endsWithTrue","line":85,"loc":{"start":{"line":85,"column":4},"end":{"line":90,"column":4}}},"13":{"name":"endsWithFalse","line":92,"loc":{"start":{"line":92,"column":4},"end":{"line":97,"column":4}}}},"statementMap":{"1":{"start":{"line":10,"column":8},"end":{"line":10,"column":38}},"2":{"start":{"line":19,"column":8},"end":{"line":19,"column":56}},"3":{"start":{"line":24,"column":8},"end":{"line":24,"column":37}},"4":{"start":{"line":29,"column":8},"end":{"line":29,"column":40}},"5":{"start":{"line":35,"column":8},"end":{"line":35,"column":52}},"6":{"start":{"line":36,"column":8},"end":{"line":36,"column":52}},"7":{"start":{"line":38,"column":8},"end":{"line":38,"column":69}},"8":{"start":{"line":46,"column":8},"end":{"line":46,"column":62}},"9":{"start":{"line":47,"column":8},"end":{"line":47,"column":41}},"10":{"start":{"line":51,"column":8},"end":{"line":51,"column":66}},"11":{"start":{"line":52,"column":8},"end":{"line":52,"column":66}},"12":{"start":{"line":54,"column":8},"end":{"line":54,"column":45}},"13":{"start":{"line":58,"column":8},"end":{"line":58,"column":66}},"14":{"start":{"line":59,"column":8},"end":{"line":59,"column":66}},"15":{"start":{"line":61,"column":8},"end":{"line":61,"column":45}},"16":{"start":{"line":65,"column":8},"end":{"line":65,"column":66}},"17":{"start":{"line":66,"column":8},"end":{"line":66,"column":69}},"18":{"start":{"line":68,"column":8},"end":{"line":68,"column":45}},"19":{"start":{"line":72,"column":8},"end":{"line":72,"column":66}},"20":{"start":{"line":73,"column":8},"end":{"line":73,"column":63}},"21":{"start":{"line":75,"column":8},"end":{"line":75,"column":49}},"22":{"start":{"line":79,"column":8},"end":{"line":79,"column":66}},"23":{"start":{"line":80,"column":8},"end":{"line":80,"column":64}},"24":{"start":{"line":82,"column":8},"end":{"line":82,"column":49}},"25":{"start":{"line":86,"column":8},"end":{"line":86,"column":66}},"26":{"start":{"line":87,"column":8},"end":{"line":87,"column":64}},"27":{"start":{"line":89,"column":8},"end":{"line":89,"column":47}},"28":{"start":{"line":93,"column":8},"end":{"line":93,"column":66}},"29":{"start":{"line":94,"column":8},"end":{"line":94,"column":65}},"30":{"start":{"line":96,"column":8},"end":{"line":96,"column":47}}},"branchMap":{}},"contracts\\StringsConsumer.sol":{"l":{"11":0,"13":0,"17":0,"18":0,"20":0,"24":0,"25":0,"27":0,"31":0,"32":0,"34":0,"36":0},"path":"D:\\Programming\\Smart Contracts\\My\\string-utilities\\contracts\\StringsConsumer.sol","s":{"1":0,"2":0,"3":0,"4":0,"5":0,"6":0,"7":0,"8":0,"9":0,"10":0,"11":0,"12":0},"b":{},"f":{"1":0,"2":0,"3":0,"4":0},"fnMap":{"1":{"name":"testToSpan","line":10,"loc":{"start":{"line":10,"column":4},"end":{"line":14,"column":4}}},"2":{"name":"testGetSlice","line":16,"loc":{"start":{"line":16,"column":4},"end":{"line":21,"column":4}}},"3":{"name":"testToString","line":23,"loc":{"start":{"line":23,"column":4},"end":{"line":28,"column":4}}},"4":{"name":"testConcat","line":30,"loc":{"start":{"line":30,"column":4},"end":{"line":37,"column":4}}}},"statementMap":{"1":{"start":{"line":11,"column":8},"end":{"line":11,"column":37}},"2":{"start":{"line":13,"column":8},"end":{"line":13,"column":27}},"3":{"start":{"line":17,"column":8},"end":{"line":17,"column":36}},"4":{"start":{"line":18,"column":8},"end":{"line":18,"column":54}},"5":{"start":{"line":20,"column":8},"end":{"line":20,"column":37}},"6":{"start":{"line":24,"column":8},"end":{"line":24,"column":36}},"7":{"start":{"line":25,"column":8},"end":{"line":25,"column":54}},"8":{"start":{"line":27,"column":8},"end":{"line":27,"column":33}},"9":{"start":{"line":31,"column":8},"end":{"line":31,"column":57}},"10":{"start":{"line":32,"column":8},"end":{"line":32,"column":56}},"11":{"start":{"line":34,"column":8},"end":{"line":34,"column":64}},"12":{"start":{"line":36,"column":8},"end":{"line":36,"column":38}}},"branchMap":{}}}