{"contracts\\SpanStrings.sol":{"l":{"19":43,"20":43,"24":43,"34":3,"35":3,"37":2,"38":2,"39":2,"42":2,"50":1,"57":2,"70":2,"73":2,"74":2,"75":2,"78":2,"81":2,"82":2,"87":2,"89":2,"97":8,"98":8,"99":8,"100":8,"104":8,"106":8,"114":3,"115":1,"118":2,"119":2,"121":2,"122":10,"123":10,"124":10,"132":10,"133":1,"137":1,"145":3,"146":1,"149":2,"150":2,"152":2,"153":5,"154":5,"155":5,"163":5,"164":1,"168":1,"176":3,"177":1,"180":2,"181":2,"183":2,"191":2,"192":7,"193":7,"194":7,"202":7,"203":1,"207":1,"216":6,"217":6,"219":6,"220":47,"221":47,"223":47,"228":47,"229":6,"230":6,"231":6,"234":6,"235":1,"238":5,"239":6,"244":6,"245":1,"249":5,"250":4,"251":4,"252":4,"253":4,"256":4,"257":4,"259":4,"264":2,"265":2,"266":2,"268":2,"272":12,"273":62},"path":"D:\\Programming\\Smart Contracts\\My\\string-utilities\\contracts\\SpanStrings.sol","s":{"1":43,"2":43,"3":3,"4":3,"5":2,"6":2,"7":2,"8":1,"9":2,"10":2,"11":2,"12":2,"13":2,"14":2,"15":2,"16":2,"17":8,"18":8,"19":8,"20":8,"21":8,"22":3,"23":1,"24":2,"25":2,"26":2,"27":10,"28":10,"29":10,"30":1,"31":1,"32":3,"33":1,"34":2,"35":2,"36":2,"37":5,"38":5,"39":5,"40":1,"41":1,"42":3,"43":1,"44":2,"45":2,"46":2,"47":7,"48":7,"49":7,"50":1,"51":1,"52":6,"53":6,"54":6,"55":47,"56":47,"57":47,"58":6,"59":6,"60":6,"61":6,"62":5,"63":6,"64":1,"65":5,"66":4,"67":4,"68":4,"69":4,"70":4,"71":4,"72":2,"73":2,"74":2,"75":2,"76":12},"b":{"1":[2,1],"2":[1,2],"3":[1,9],"4":[1,2],"5":[1,4],"6":[1,2],"7":[1,6],"8":[6,41],"9":[1,5],"10":[1,5],"11":[4,1]},"f":{"1":43,"2":3,"3":1,"4":2,"5":2,"6":8,"7":3,"8":3,"9":3,"10":6,"11":12},"fnMap":{"1":{"name":"toSpan","line":18,"loc":{"start":{"line":18,"column":4},"end":{"line":25,"column":4}}},"2":{"name":"getSlice","line":33,"loc":{"start":{"line":33,"column":4},"end":{"line":43,"column":4}}},"3":{"name":"copy","line":49,"loc":{"start":{"line":49,"column":4},"end":{"line":51,"column":4}}},"4":{"name":"isEmpty","line":56,"loc":{"start":{"line":56,"column":4},"end":{"line":58,"column":4}}},"5":{"name":"concat","line":65,"loc":{"start":{"line":65,"column":4},"end":{"line":90,"column":4}}},"6":{"name":"toString","line":96,"loc":{"start":{"line":96,"column":4},"end":{"line":107,"column":4}}},"7":{"name":"equals","line":113,"loc":{"start":{"line":113,"column":4},"end":{"line":138,"column":4}}},"8":{"name":"startsWith","line":144,"loc":{"start":{"line":144,"column":4},"end":{"line":169,"column":4}}},"9":{"name":"endsWith","line":175,"loc":{"start":{"line":175,"column":4},"end":{"line":208,"column":4}}},"10":{"name":"split","line":215,"loc":{"start":{"line":215,"column":4},"end":{"line":269,"column":4}}},"11":{"name":"copyMemory","line":271,"loc":{"start":{"line":271,"column":4},"end":{"line":279,"column":4}}}},"statementMap":{"1":{"start":{"line":19,"column":8},"end":{"line":19,"column":19}},"2":{"start":{"line":24,"column":8},"end":{"line":24,"column":43}},"3":{"start":{"line":34,"column":8},"end":{"line":34,"column":46}},"4":{"start":{"line":35,"column":8},"end":{"line":35,"column":74}},"5":{"start":{"line":37,"column":8},"end":{"line":37,"column":26}},"6":{"start":{"line":38,"column":8},"end":{"line":38,"column":36}},"7":{"start":{"line":42,"column":8},"end":{"line":42,"column":39}},"8":{"start":{"line":50,"column":8},"end":{"line":50,"column":40}},"9":{"start":{"line":57,"column":8},"end":{"line":57,"column":30}},"10":{"start":{"line":70,"column":8},"end":{"line":70,"column":69}},"11":{"start":{"line":73,"column":8},"end":{"line":73,"column":33}},"12":{"start":{"line":74,"column":8},"end":{"line":74,"column":23}},"13":{"start":{"line":78,"column":8},"end":{"line":78,"column":47}},"14":{"start":{"line":81,"column":8},"end":{"line":81,"column":24}},"15":{"start":{"line":87,"column":8},"end":{"line":87,"column":47}},"16":{"start":{"line":89,"column":8},"end":{"line":89,"column":30}},"17":{"start":{"line":97,"column":8},"end":{"line":97,"column":53}},"18":{"start":{"line":98,"column":8},"end":{"line":98,"column":32}},"19":{"start":{"line":99,"column":8},"end":{"line":99,"column":23}},"20":{"start":{"line":104,"column":8},"end":{"line":104,"column":46}},"21":{"start":{"line":106,"column":8},"end":{"line":106,"column":21}},"22":{"start":{"line":114,"column":8},"end":{"line":114,"column":4142}},"23":{"start":{"line":115,"column":12},"end":{"line":115,"column":24}},"24":{"start":{"line":118,"column":8},"end":{"line":118,"column":34}},"25":{"start":{"line":119,"column":8},"end":{"line":119,"column":34}},"26":{"start":{"line":121,"column":8},"end":{"line":121,"column":4301}},"27":{"start":{"line":122,"column":12},"end":{"line":122,"column":27}},"28":{"start":{"line":123,"column":12},"end":{"line":123,"column":27}},"29":{"start":{"line":132,"column":12},"end":{"line":132,"column":4641}},"30":{"start":{"line":133,"column":16},"end":{"line":133,"column":28}},"31":{"start":{"line":137,"column":8},"end":{"line":137,"column":19}},"32":{"start":{"line":145,"column":8},"end":{"line":145,"column":5093}},"33":{"start":{"line":146,"column":12},"end":{"line":146,"column":24}},"34":{"start":{"line":149,"column":8},"end":{"line":149,"column":34}},"35":{"start":{"line":150,"column":8},"end":{"line":150,"column":34}},"36":{"start":{"line":152,"column":8},"end":{"line":152,"column":5251}},"37":{"start":{"line":153,"column":12},"end":{"line":153,"column":27}},"38":{"start":{"line":154,"column":12},"end":{"line":154,"column":27}},"39":{"start":{"line":163,"column":12},"end":{"line":163,"column":5591}},"40":{"start":{"line":164,"column":16},"end":{"line":164,"column":28}},"41":{"start":{"line":168,"column":8},"end":{"line":168,"column":19}},"42":{"start":{"line":176,"column":8},"end":{"line":176,"column":6037}},"43":{"start":{"line":177,"column":12},"end":{"line":177,"column":24}},"44":{"start":{"line":180,"column":8},"end":{"line":180,"column":34}},"45":{"start":{"line":181,"column":8},"end":{"line":181,"column":34}},"46":{"start":{"line":191,"column":8},"end":{"line":191,"column":6428}},"47":{"start":{"line":192,"column":12},"end":{"line":192,"column":27}},"48":{"start":{"line":193,"column":12},"end":{"line":193,"column":27}},"49":{"start":{"line":202,"column":12},"end":{"line":202,"column":6768}},"50":{"start":{"line":203,"column":16},"end":{"line":203,"column":28}},"51":{"start":{"line":207,"column":8},"end":{"line":207,"column":19}},"52":{"start":{"line":216,"column":8},"end":{"line":216,"column":32}},"53":{"start":{"line":217,"column":8},"end":{"line":217,"column":38}},"54":{"start":{"line":219,"column":8},"end":{"line":219,"column":7337}},"55":{"start":{"line":220,"column":12},"end":{"line":220,"column":24}},"56":{"start":{"line":221,"column":12},"end":{"line":221,"column":24}},"57":{"start":{"line":228,"column":12},"end":{"line":228,"column":7590}},"58":{"start":{"line":229,"column":16},"end":{"line":229,"column":44}},"59":{"start":{"line":230,"column":16},"end":{"line":230,"column":34}},"60":{"start":{"line":231,"column":16},"end":{"line":231,"column":34}},"61":{"start":{"line":234,"column":16},"end":{"line":234,"column":7796}},"62":{"start":{"line":238,"column":16},"end":{"line":238,"column":7906}},"63":{"start":{"line":244,"column":20},"end":{"line":244,"column":8169}},"64":{"start":{"line":245,"column":24},"end":{"line":245,"column":47}},"65":{"start":{"line":249,"column":16},"end":{"line":249,"column":8311}},"66":{"start":{"line":250,"column":20},"end":{"line":250,"column":47}},"67":{"start":{"line":251,"column":20},"end":{"line":251,"column":44}},"68":{"start":{"line":252,"column":20},"end":{"line":252,"column":56}},"69":{"start":{"line":256,"column":20},"end":{"line":256,"column":35}},"70":{"start":{"line":257,"column":20},"end":{"line":257,"column":65}},"71":{"start":{"line":259,"column":20},"end":{"line":259,"column":56}},"72":{"start":{"line":264,"column":8},"end":{"line":264,"column":35}},"73":{"start":{"line":265,"column":8},"end":{"line":265,"column":41}},"74":{"start":{"line":266,"column":8},"end":{"line":266,"column":21}},"75":{"start":{"line":268,"column":8},"end":{"line":268,"column":44}},"76":{"start":{"line":272,"column":8},"end":{"line":272,"column":9083}}},"branchMap":{"1":{"line":35,"type":"if","locations":[{"start":{"line":35,"column":8},"end":{"line":35,"column":8}},{"start":{"line":35,"column":8},"end":{"line":35,"column":8}}]},"2":{"line":114,"type":"if","locations":[{"start":{"line":114,"column":8},"end":{"line":114,"column":8}},{"start":{"line":114,"column":8},"end":{"line":114,"column":8}}]},"3":{"line":132,"type":"if","locations":[{"start":{"line":132,"column":12},"end":{"line":132,"column":12}},{"start":{"line":132,"column":12},"end":{"line":132,"column":12}}]},"4":{"line":145,"type":"if","locations":[{"start":{"line":145,"column":8},"end":{"line":145,"column":8}},{"start":{"line":145,"column":8},"end":{"line":145,"column":8}}]},"5":{"line":163,"type":"if","locations":[{"start":{"line":163,"column":12},"end":{"line":163,"column":12}},{"start":{"line":163,"column":12},"end":{"line":163,"column":12}}]},"6":{"line":176,"type":"if","locations":[{"start":{"line":176,"column":8},"end":{"line":176,"column":8}},{"start":{"line":176,"column":8},"end":{"line":176,"column":8}}]},"7":{"line":202,"type":"if","locations":[{"start":{"line":202,"column":12},"end":{"line":202,"column":12}},{"start":{"line":202,"column":12},"end":{"line":202,"column":12}}]},"8":{"line":228,"type":"if","locations":[{"start":{"line":228,"column":12},"end":{"line":228,"column":12}},{"start":{"line":228,"column":12},"end":{"line":228,"column":12}}]},"9":{"line":234,"type":"if","locations":[{"start":{"line":234,"column":16},"end":{"line":234,"column":16}},{"start":{"line":234,"column":16},"end":{"line":234,"column":16}}]},"10":{"line":244,"type":"if","locations":[{"start":{"line":244,"column":20},"end":{"line":244,"column":20}},{"start":{"line":244,"column":20},"end":{"line":244,"column":20}}]},"11":{"line":249,"type":"if","locations":[{"start":{"line":249,"column":16},"end":{"line":249,"column":16}},{"start":{"line":249,"column":16},"end":{"line":249,"column":16}}]}}},"contracts\\SpanStringsMock.sol":{"l":{"12":11,"21":3,"26":1,"31":2,"37":2,"38":2,"40":2,"48":1,"49":1,"53":1,"54":1,"56":1,"60":1,"61":1,"63":1,"67":1,"68":1,"70":1,"74":1,"75":1,"77":1,"81":1,"82":1,"84":1,"88":1,"89":1,"91":1,"95":1,"96":1,"98":1,"102":1,"103":1,"105":1,"109":1,"110":1,"112":1,"116":1,"117":1,"119":1,"123":1,"124":1,"125":1,"127":1,"131":1,"132":1,"134":1,"138":2,"139":2,"141":2},"path":"D:\\Programming\\Smart Contracts\\My\\string-utilities\\contracts\\SpanStringsMock.sol","s":{"1":11,"2":3,"3":1,"4":2,"5":2,"6":2,"7":2,"8":1,"9":1,"10":1,"11":1,"12":1,"13":1,"14":1,"15":1,"16":1,"17":1,"18":1,"19":1,"20":1,"21":1,"22":1,"23":1,"24":1,"25":1,"26":1,"27":1,"28":1,"29":1,"30":1,"31":1,"32":1,"33":1,"34":1,"35":1,"36":1,"37":1,"38":1,"39":1,"40":1,"41":1,"42":1,"43":1,"44":1,"45":1,"46":1,"47":2,"48":2,"49":2},"b":{},"f":{"1":11,"2":3,"3":1,"4":2,"5":2,"6":1,"7":1,"8":1,"9":1,"10":1,"11":1,"12":1,"13":1,"14":1,"15":1,"16":1,"17":1,"18":1,"19":2},"fnMap":{"1":{"name":"toSpan","line":10,"loc":{"start":{"line":10,"column":4},"end":{"line":13,"column":4}}},"2":{"name":"getSlice","line":15,"loc":{"start":{"line":15,"column":4},"end":{"line":22,"column":4}}},"3":{"name":"copy","line":24,"loc":{"start":{"line":24,"column":4},"end":{"line":27,"column":4}}},"4":{"name":"isEmpty","line":29,"loc":{"start":{"line":29,"column":4},"end":{"line":32,"column":4}}},"5":{"name":"concat","line":34,"loc":{"start":{"line":34,"column":4},"end":{"line":41,"column":4}}},"6":{"name":"toSpanAndBackToString","line":43,"loc":{"start":{"line":43,"column":4},"end":{"line":50,"column":4}}},"7":{"name":"equalsTrue","line":52,"loc":{"start":{"line":52,"column":4},"end":{"line":57,"column":4}}},"8":{"name":"equalsFalse_1","line":59,"loc":{"start":{"line":59,"column":4},"end":{"line":64,"column":4}}},"9":{"name":"equalsFalse_2","line":66,"loc":{"start":{"line":66,"column":4},"end":{"line":71,"column":4}}},"10":{"name":"startsWithTrue","line":73,"loc":{"start":{"line":73,"column":4},"end":{"line":78,"column":4}}},"11":{"name":"startsWithFalse_ShorterString","line":80,"loc":{"start":{"line":80,"column":4},"end":{"line":85,"column":4}}},"12":{"name":"startsWithFalse_LongerString","line":87,"loc":{"start":{"line":87,"column":4},"end":{"line":92,"column":4}}},"13":{"name":"endsWithTrue","line":94,"loc":{"start":{"line":94,"column":4},"end":{"line":99,"column":4}}},"14":{"name":"endsWithFalse_ShorterString","line":101,"loc":{"start":{"line":101,"column":4},"end":{"line":106,"column":4}}},"15":{"name":"endsWithFalse_LongerString","line":108,"loc":{"start":{"line":108,"column":4},"end":{"line":113,"column":4}}},"16":{"name":"split_Single_ReturnValue","line":115,"loc":{"start":{"line":115,"column":4},"end":{"line":120,"column":4}}},"17":{"name":"split_Two_ReturnValue","line":122,"loc":{"start":{"line":122,"column":4},"end":{"line":128,"column":4}}},"18":{"name":"split_ReturnValue","line":130,"loc":{"start":{"line":130,"column":4},"end":{"line":135,"column":4}}},"19":{"name":"split_InputValue","line":137,"loc":{"start":{"line":137,"column":4},"end":{"line":142,"column":4}}}},"statementMap":{"1":{"start":{"line":12,"column":8},"end":{"line":12,"column":38}},"2":{"start":{"line":21,"column":8},"end":{"line":21,"column":56}},"3":{"start":{"line":26,"column":8},"end":{"line":26,"column":37}},"4":{"start":{"line":31,"column":8},"end":{"line":31,"column":40}},"5":{"start":{"line":37,"column":8},"end":{"line":37,"column":52}},"6":{"start":{"line":38,"column":8},"end":{"line":38,"column":52}},"7":{"start":{"line":40,"column":8},"end":{"line":40,"column":69}},"8":{"start":{"line":48,"column":8},"end":{"line":48,"column":62}},"9":{"start":{"line":49,"column":8},"end":{"line":49,"column":41}},"10":{"start":{"line":53,"column":8},"end":{"line":53,"column":66}},"11":{"start":{"line":54,"column":8},"end":{"line":54,"column":66}},"12":{"start":{"line":56,"column":8},"end":{"line":56,"column":45}},"13":{"start":{"line":60,"column":8},"end":{"line":60,"column":66}},"14":{"start":{"line":61,"column":8},"end":{"line":61,"column":66}},"15":{"start":{"line":63,"column":8},"end":{"line":63,"column":45}},"16":{"start":{"line":67,"column":8},"end":{"line":67,"column":66}},"17":{"start":{"line":68,"column":8},"end":{"line":68,"column":69}},"18":{"start":{"line":70,"column":8},"end":{"line":70,"column":45}},"19":{"start":{"line":74,"column":8},"end":{"line":74,"column":66}},"20":{"start":{"line":75,"column":8},"end":{"line":75,"column":63}},"21":{"start":{"line":77,"column":8},"end":{"line":77,"column":49}},"22":{"start":{"line":81,"column":8},"end":{"line":81,"column":66}},"23":{"start":{"line":82,"column":8},"end":{"line":82,"column":64}},"24":{"start":{"line":84,"column":8},"end":{"line":84,"column":49}},"25":{"start":{"line":88,"column":8},"end":{"line":88,"column":66}},"26":{"start":{"line":89,"column":8},"end":{"line":89,"column":69}},"27":{"start":{"line":91,"column":8},"end":{"line":91,"column":49}},"28":{"start":{"line":95,"column":8},"end":{"line":95,"column":66}},"29":{"start":{"line":96,"column":8},"end":{"line":96,"column":64}},"30":{"start":{"line":98,"column":8},"end":{"line":98,"column":47}},"31":{"start":{"line":102,"column":8},"end":{"line":102,"column":66}},"32":{"start":{"line":103,"column":8},"end":{"line":103,"column":65}},"33":{"start":{"line":105,"column":8},"end":{"line":105,"column":47}},"34":{"start":{"line":109,"column":8},"end":{"line":109,"column":66}},"35":{"start":{"line":110,"column":8},"end":{"line":110,"column":69}},"36":{"start":{"line":112,"column":8},"end":{"line":112,"column":47}},"37":{"start":{"line":116,"column":8},"end":{"line":116,"column":50}},"38":{"start":{"line":117,"column":8},"end":{"line":117,"column":70}},"39":{"start":{"line":119,"column":8},"end":{"line":119,"column":32}},"40":{"start":{"line":123,"column":8},"end":{"line":123,"column":50}},"41":{"start":{"line":124,"column":8},"end":{"line":124,"column":70}},"42":{"start":{"line":125,"column":8},"end":{"line":125,"column":39}},"43":{"start":{"line":127,"column":8},"end":{"line":127,"column":32}},"44":{"start":{"line":131,"column":8},"end":{"line":131,"column":51}},"45":{"start":{"line":132,"column":8},"end":{"line":132,"column":71}},"46":{"start":{"line":134,"column":8},"end":{"line":134,"column":32}},"47":{"start":{"line":138,"column":8},"end":{"line":138,"column":51}},"48":{"start":{"line":139,"column":8},"end":{"line":139,"column":37}},"49":{"start":{"line":141,"column":8},"end":{"line":141,"column":30}}},"branchMap":{}}}